Using pre-set license
Built from '2020.3/staging' branch; Version is '2020.3.18f1 (a7d1c678663c) revision 10998214'; Using compiler version '192528614'; Build Type 'Release'
OS: 'Windows 10 Home; OS build 19042.1348; Version 2009; 64bit' Language: 'zh' Physical Memory: 8037 MB
BatchMode: 1, IsHumanControllingUs: 0, StartBugReporterOnCrash: 0, Is64bit: 1, IsPro: 0

COMMAND LINE ARGUMENTS:
C:\Program Files\Unity\Hub\Editor\2020.3.18f1\Editor\Unity.exe
-adb2
-batchMode
-noUpm
-name
AssetImportWorker0
-projectPath
F:/Asia/Class/Junior.1/遊戲設計/2DgameV2/2DgameRuby
-logFile
Logs/AssetImportWorker0.log
-srvPort
59951
Successfully changed project path to: F:/Asia/Class/Junior.1/遊戲設計/2DgameV2/2DgameRuby
F:/Asia/Class/Junior.1/遊戲設計/2DgameV2/2DgameRuby
Using Asset Import Pipeline V2.
Refreshing native plugins compatible for Editor in 44.07 ms, found 3 plugins.
Preloading 0 native plugins for Editor in 0.00 ms.
Initialize engine version: 2020.3.18f1 (a7d1c678663c)
[Subsystems] Discovering subsystems at path C:/Program Files/Unity/Hub/Editor/2020.3.18f1/Editor/Data/Resources/UnitySubsystems
[Subsystems] Discovering subsystems at path F:/Asia/Class/Junior.1/遊戲設計/2DgameV2/2DgameRuby/Assets
GfxDevice: creating device client; threaded=0
Direct3D:
    Version:  Direct3D 11.0 [level 11.1]
    Renderer: NVIDIA GeForce GTX 1050 Ti (ID=0x1c82)
    Vendor:   
    VRAM:     4018 MB
    Driver:   27.21.14.5671
Initialize mono
Mono path[0] = 'C:/Program Files/Unity/Hub/Editor/2020.3.18f1/Editor/Data/Managed'
Mono path[1] = 'C:/Program Files/Unity/Hub/Editor/2020.3.18f1/Editor/Data/MonoBleedingEdge/lib/mono/unityjit'
Mono config path = 'C:/Program Files/Unity/Hub/Editor/2020.3.18f1/Editor/Data/MonoBleedingEdge/etc'
Using monoOptions --debugger-agent=transport=dt_socket,embedding=1,server=y,suspend=n,address=127.0.0.1:56568
Begin MonoManager ReloadAssembly
Registering precompiled unity dll's ...
Register platform support module: C:/Program Files/Unity/Hub/Editor/2020.3.18f1/Editor/Data/PlaybackEngines/WebGLSupport/UnityEditor.WebGL.Extensions.dll
Register platform support module: C:/Program Files/Unity/Hub/Editor/2020.3.18f1/Editor/Data/PlaybackEngines/WindowsStandaloneSupport/UnityEditor.WindowsStandalone.Extensions.dll
Registered in 0.003181 seconds.
Native extension for WindowsStandalone target not found
Native extension for WebGL target not found
Refreshing native plugins compatible for Editor in 39.32 ms, found 3 plugins.
Preloading 0 native plugins for Editor in 0.00 ms.
Unable to find bridge dll in registry for Microsoft Visual Studio Tools for Unity for C:\Program Files (x86)\Microsoft Visual Studio\2019\Community\Common7\IDE\devenv.exe
Mono: successfully reloaded assembly
- Completed reload, in  1.850 seconds
Domain Reload Profiling:
	ReloadAssembly (1850ms)
		BeginReloadAssembly (69ms)
			ExecutionOrderSort (0ms)
			DisableScriptedObjects (0ms)
			BackupInstance (0ms)
			ReleaseScriptingObjects (0ms)
			CreateAndSetChildDomain (1ms)
		EndReloadAssembly (402ms)
			LoadAssemblies (68ms)
			RebuildTransferFunctionScriptingTraits (0ms)
			SetupTypeCache (149ms)
			ReleaseScriptCaches (0ms)
			RebuildScriptCaches (29ms)
			SetupLoadedEditorAssemblies (158ms)
				LogAssemblyErrors (0ms)
				InitializePlatformSupportModulesInManaged (5ms)
				SetLoadedEditorAssemblies (0ms)
				RefreshPlugins (39ms)
				BeforeProcessingInitializeOnLoad (15ms)
				ProcessInitializeOnLoadAttributes (73ms)
				ProcessInitializeOnLoadMethodAttributes (26ms)
				AfterProcessingInitializeOnLoad (0ms)
				EditorAssembliesLoaded (0ms)
			ExecutionOrderSort2 (0ms)
			AwakeInstancesAfterBackupRestoration (0ms)
Platform modules already initialized, skipping
Registering precompiled user dll's ...
Registered in 0.005795 seconds.
Begin MonoManager ReloadAssembly
Native extension for WindowsStandalone target not found
Native extension for WebGL target not found
Refreshing native plugins compatible for Editor in 39.84 ms, found 3 plugins.
Preloading 0 native plugins for Editor in 0.00 ms.
Mono: successfully reloaded assembly
- Completed reload, in  1.080 seconds
Domain Reload Profiling:
	ReloadAssembly (1081ms)
		BeginReloadAssembly (153ms)
			ExecutionOrderSort (0ms)
			DisableScriptedObjects (4ms)
			BackupInstance (0ms)
			ReleaseScriptingObjects (0ms)
			CreateAndSetChildDomain (17ms)
		EndReloadAssembly (869ms)
			LoadAssemblies (115ms)
			RebuildTransferFunctionScriptingTraits (0ms)
			SetupTypeCache (283ms)
			ReleaseScriptCaches (0ms)
			RebuildScriptCaches (46ms)
			SetupLoadedEditorAssemblies (326ms)
				LogAssemblyErrors (0ms)
				InitializePlatformSupportModulesInManaged (5ms)
				SetLoadedEditorAssemblies (0ms)
				RefreshPlugins (40ms)
				BeforeProcessingInitializeOnLoad (72ms)
				ProcessInitializeOnLoadAttributes (189ms)
				ProcessInitializeOnLoadMethodAttributes (13ms)
				AfterProcessingInitializeOnLoad (6ms)
				EditorAssembliesLoaded (0ms)
			ExecutionOrderSort2 (0ms)
			AwakeInstancesAfterBackupRestoration (6ms)
Platform modules already initialized, skipping
========================================================================
Worker process is ready to serve import requests
Launched and connected shader compiler UnityShaderCompiler.exe after 0.06 seconds
Refreshing native plugins compatible for Editor in 0.43 ms, found 3 plugins.
Preloading 0 native plugins for Editor in 0.00 ms.
Unloading 2094 Unused Serialized files (Serialized files now loaded: 0)
System memory in use before: 93.1 MB.
System memory in use after: 93.2 MB.

Unloading 26 unused Assets to reduce memory usage. Loaded Objects now: 2533.
Total: 3.085800 ms (FindLiveObjects: 0.181900 ms CreateObjectMapping: 0.070500 ms MarkObjects: 2.769500 ms  DeleteObjects: 0.063200 ms)

AssetImportParameters requested are different than current active one (requested -> active):
  custom:framework-win-MediaFoundation: 216162199b28c13a410421893ffa2e32 -> 
  custom:video-decoder-ogg-theora: a1e56fd34408186e4bbccfd4996cb3dc -> 
  custom:container-muxer-webm: aa71ff27fc2769a1b78a27578f13a17b -> 
  custom:container-demuxer-webm: 4f35f7cbe854078d1ac9338744f61a02 -> 
  custom:container-demuxer-ogg: 62fdf1f143b41e24485cea50d1cbac27 -> 
  custom:video-encoder-webm-vp8: eb34c28f22e8b96e1ab97ce403110664 -> 
  custom:video-decoder-webm-vp8: 9c59270c3fd7afecdb556c50c9e8de78 -> 
  custom:audio-decoder-ogg-vorbis: bf7c407c2cedff20999df2af8eb42d56 -> 
  custom:audio-encoder-webm-vorbis: bf7c407c2cedff20999df2af8eb42d56 -> 
========================================================================
Received Import Request.
  path: Assets/2Dpackage/Art/Sprites/Characters/JambiSheet.png
  artifactKey: Guid(255841382d607e24a8317d9ab167f414) Importer(815301076,1909f56bfc062723c751e8b465ee728b)
Start importing Assets/2Dpackage/Art/Sprites/Characters/JambiSheet.png using Guid(255841382d607e24a8317d9ab167f414) Importer(815301076,1909f56bfc062723c751e8b465ee728b)  -> (artifact id: '6d430af58ba8f177d69370a804dcede9') in 0.287281 seconds 
  Import took 0.319629 seconds .

========================================================================
Received Import Request.
  Time since last request: 0.000259 seconds.
  path: Assets/2Dpackage/Art/Animations/AnimationClips
  artifactKey: Guid(2dceb00d54b369d4889d2daf5a884a57) Importer(815301076,1909f56bfc062723c751e8b465ee728b)
Start importing Assets/2Dpackage/Art/Animations/AnimationClips using Guid(2dceb00d54b369d4889d2daf5a884a57) Importer(815301076,1909f56bfc062723c751e8b465ee728b)  -> (artifact id: 'b3f31c09148e766f780e1d71e3f9b5b4') in 0.019864 seconds 
  Import took 0.037597 seconds .

========================================================================
Received Import Request.
  Time since last request: 0.000278 seconds.
  path: Assets/2Dpackage/Art/Sprites/Characters/RubySheet.png
  artifactKey: Guid(c1dbff5bcb29cdd4bbb8de3a29f2328c) Importer(815301076,1909f56bfc062723c751e8b465ee728b)
Start importing Assets/2Dpackage/Art/Sprites/Characters/RubySheet.png using Guid(c1dbff5bcb29cdd4bbb8de3a29f2328c) Importer(815301076,1909f56bfc062723c751e8b465ee728b)  -> (artifact id: 'bc433d215ec5772815a51d328ba73d8e') in 0.097758 seconds 
  Import took 0.119044 seconds .

========================================================================
Received Import Request.
  Time since last request: 0.000285 seconds.
  path: Assets/2Dpackage/Art/Animations/Ruby.controller
  artifactKey: Guid(b77822e0485373d40b5beb92e9a5e728) Importer(815301076,1909f56bfc062723c751e8b465ee728b)
Start importing Assets/2Dpackage/Art/Animations/Ruby.controller using Guid(b77822e0485373d40b5beb92e9a5e728) Importer(815301076,1909f56bfc062723c751e8b465ee728b)  -> (artifact id: 'c4fcd81e4a2ae98a8f7cade00f6374c8') in 0.039461 seconds 
  Import took 0.055487 seconds .

========================================================================
Received Import Request.
  Time since last request: 0.000281 seconds.
  path: Assets/2Dpackage/Art/Sprites/Characters/MrClockworkSheet.png
  artifactKey: Guid(651c4abeb0812e74685da0e5a31c8dff) Importer(815301076,1909f56bfc062723c751e8b465ee728b)
Start importing Assets/2Dpackage/Art/Sprites/Characters/MrClockworkSheet.png using Guid(651c4abeb0812e74685da0e5a31c8dff) Importer(815301076,1909f56bfc062723c751e8b465ee728b)  -> (artifact id: '6a32f1dd4f11173cd48c4427a5eef54a') in 0.081607 seconds 
  Import took 0.104961 seconds .

========================================================================
Received Import Request.
  Time since last request: 0.044955 seconds.
  path: Assets/2Dpackage/Art/Animations/AnimationClips/Emery
  artifactKey: Guid(7d8b632f386e00b4e980dab4277048b7) Importer(815301076,1909f56bfc062723c751e8b465ee728b)
Start importing Assets/2Dpackage/Art/Animations/AnimationClips/Emery using Guid(7d8b632f386e00b4e980dab4277048b7) Importer(815301076,1909f56bfc062723c751e8b465ee728b)  -> (artifact id: 'eaa0b91d8e9d7afa0efb73f30b36ed54') in 0.009183 seconds 
  Import took 0.012428 seconds .

========================================================================
Received Import Request.
  Time since last request: 1.203348 seconds.
  path: Assets/2Dpackage/Art/Animations/AnimationClips/Emery/Stop.anim
  artifactKey: Guid(9b9bbb11255090a4b93fd4e6711d9d1b) Importer(815301076,1909f56bfc062723c751e8b465ee728b)
Start importing Assets/2Dpackage/Art/Animations/AnimationClips/Emery/Stop.anim using Guid(9b9bbb11255090a4b93fd4e6711d9d1b) Importer(815301076,1909f56bfc062723c751e8b465ee728b)  -> (artifact id: '340fc7a79a72ecd7a1f1e5a433165c21') in 0.009122 seconds 
  Import took 0.012274 seconds .

========================================================================
Received Import Request.
  Time since last request: 0.000767 seconds.
  path: Assets/2Dpackage/Art/Animations/AnimationClips/Emery/Stop.anim
  artifactKey: Guid(9b9bbb11255090a4b93fd4e6711d9d1b) Importer(815301076,1909f56bfc062723c751e8b465ee728b)
Start importing Assets/2Dpackage/Art/Animations/AnimationClips/Emery/Stop.anim using Guid(9b9bbb11255090a4b93fd4e6711d9d1b) Importer(815301076,1909f56bfc062723c751e8b465ee728b)  -> (artifact id: '340fc7a79a72ecd7a1f1e5a433165c21') in 0.009622 seconds 
  Import took 0.012901 seconds .

========================================================================
Received Import Request.
  Time since last request: 13.437071 seconds.
  path: Assets/2Dpackage/Art/Animations/AnimationClips/Emery/Walk.anim
  artifactKey: Guid(e9143580d656ea645882786a110d102d) Importer(815301076,1909f56bfc062723c751e8b465ee728b)
Start importing Assets/2Dpackage/Art/Animations/AnimationClips/Emery/Walk.anim using Guid(e9143580d656ea645882786a110d102d) Importer(815301076,1909f56bfc062723c751e8b465ee728b)  -> (artifact id: 'dfe0c77ccac5c765ea3b8f61c07ef25d') in 0.112132 seconds 
  Import took 0.115277 seconds .

========================================================================
Received Import Request.
  Time since last request: 123.671289 seconds.
  path: Assets/2Dpackage/Art/Animations
  artifactKey: Guid(c2511782ee2ec2049bd34dd5311d72e0) Importer(815301076,1909f56bfc062723c751e8b465ee728b)
Start importing Assets/2Dpackage/Art/Animations using Guid(c2511782ee2ec2049bd34dd5311d72e0) Importer(815301076,1909f56bfc062723c751e8b465ee728b)  -> (artifact id: 'b510a228b6367b06187e55095d50d124') in 0.009085 seconds 
  Import took 0.111749 seconds .

========================================================================
Received Import Request.
  Time since last request: 2.031782 seconds.
  path: Assets/2Dpackage/Art/Sprites/Characters
  artifactKey: Guid(ff0aa22beee37e947b64088c003dfa20) Importer(815301076,1909f56bfc062723c751e8b465ee728b)
Start importing Assets/2Dpackage/Art/Sprites/Characters using Guid(ff0aa22beee37e947b64088c003dfa20) Importer(815301076,1909f56bfc062723c751e8b465ee728b)  -> (artifact id: '0cee3beee5f5c2ae13062d53506489a2') in 0.012670 seconds 
  Import took 0.109122 seconds .

AssetImportWorkerClient::OnTransportError - code=2 error=End of file
